Total Ins Count:              378000000000                  
Analysed Ins Count:           1000000000                    


Category                      InsCount                      Percentage                    
Loads                         415212715                     27.2225                       
Stores                        110040152                     7.21455                       
Nop                           1477639                       0.0968783                     
DirectCall                    12556302                      0.823228                      
IndirectCall                  0                             0                             
Returns                       12556302                      0.823228                      
UnconditionalBranch           8314495                       0.545122                      
ConditionalBranch             178243016                     11.6861                       
LogicalOps                    75119495                      4.92505                       
RotateAndShift                3516414                       0.230546                      
FlagOps                       0                             0                             
VectorIns                     0                             0                             
ConditionalMoves              0                             0                             
MmxSSEIns                     0                             0                             
Syscalls                      0                             0                             
FpIns                         0                             0                             
Others                        708216337                     46.4327                       

Total Ins                     1525252867                    

CPI:                          25                            
-----------------------------------------------------------------------------------------------------------
Instruction Footprint:        65                            
Data Footprint:               11672847                      
-----------------------------------------------------------------------------------------------------------
-----------------------------------------------------------------------------------------------------------
Distribution of instruction length
|                             Instruction Length            |                             Num Ins                       |                             
-----------------------------------------------------------------------------------------------------------
|                             0                             |                             0                             |                             
|                             1                             |                             80626434                      |                             
|                             2                             |                             485393436                     |                             
|                             3                             |                             315526338                     |                             
|                             4                             |                             50531211                      |                             
|                             5                             |                             22076553                      |                             
|                             6                             |                             5249816                       |                             
|                             7                             |                             40596212                      |                             
|                             8                             |                             0                             |                             
|                             9                             |                             0                             |                             
|                             10                            |                             0                             |                             
|                             11                            |                             0                             |                             
|                             12                            |                             0                             |                             
|                             13                            |                             0                             |                             
|                             14                            |                             0                             |                             
|                             15                            |                             0                             |                             
-----------------------------------------------------------------------------------------------------------
Distribution of the number of operands in an instruction
|                             Num Operands                  |                             Num Ins                       |                             
-----------------------------------------------------------------------------------------------------------
|                             0                             |                             1477639                       |                             
|                             1                             |                             0                             |                             
|                             2                             |                             484784796                     |                             
|                             3                             |                             457347095                     |                             
|                             4                             |                             43834168                      |                             
|                             5                             |                             12556302                      |                             
|                             6                             |                             0                             |                             
|                             7                             |                             0                             |                             
-----------------------------------------------------------------------------------------------------------
Distribution of the number of register read operands in an instruction
|                             Num REG Read Ops              |                             Num Ins                       |                             
-----------------------------------------------------------------------------------------------------------
|                             0                             |                             3759879                       |                             
|                             1                             |                             148510621                     |                             
|                             2                             |                             677530562                     |                             
|                             3                             |                             170198938                     |                             
|                             4                             |                             0                             |                             
|                             5                             |                             0                             |                             
|                             6                             |                             0                             |                             
|                             7                             |                             0                             |                             
-----------------------------------------------------------------------------------------------------------
Distribution of the number of register write operands in an instruction
|                             Num REG Write Ops             |                             Num Ins                       |                             
-----------------------------------------------------------------------------------------------------------
|                             0                             |                             70906602                      |                             
|                             1                             |                             770283679                     |                             
|                             2                             |                             158771207                     |                             
|                             3                             |                             38512                         |                             
|                             4                             |                             0                             |                             
|                             5                             |                             0                             |                             
|                             6                             |                             0                             |                             
|                             7                             |                             0                             |                             
-----------------------------------------------------------------------------------------------------------
Distribution of the number of memory operands in an instruction
|                             Num Memory Ops                |                             Num Ins                       |                             
-----------------------------------------------------------------------------------------------------------
|                             0                             |                             487182343                     |                             
|                             1                             |                             500382447                     |                             
|                             2                             |                             12435210                      |                             
|                             3                             |                             0                             |                             
|                             4                             |                             0                             |                             
|                             5                             |                             0                             |                             
|                             6                             |                             0                             |                             
|                             7                             |                             0                             |                             
-----------------------------------------------------------------------------------------------------------
Distribution of the number of memory read operands in an instruction
|                             Num Memory Read Ops           |                             Num Ins                       |                             
-----------------------------------------------------------------------------------------------------------
|                             0                             |                             584787285                     |                             
|                             1                             |                             415212715                     |                             
|                             2                             |                             0                             |                             
|                             3                             |                             0                             |                             
|                             4                             |                             0                             |                             
|                             5                             |                             0                             |                             
|                             6                             |                             0                             |                             
|                             7                             |                             0                             |                             
-----------------------------------------------------------------------------------------------------------
Distribution of the number of memory write operands in an instruction
|                             Num Memory Write Ops          |                             Num Ins                       |                             
-----------------------------------------------------------------------------------------------------------
|                             0                             |                             889959848                     |                             
|                             1                             |                             110040152                     |                             
|                             2                             |                             0                             |                             
|                             3                             |                             0                             |                             
|                             4                             |                             0                             |                             
|                             5                             |                             0                             |                             
|                             6                             |                             0                             |                             
|                             7                             |                             0                             |                             
-----------------------------------------------------------------------------------------------------------
Memory Bytes Touched          
Maximum:                      4                             
Average:                      4                             
-----------------------------------------------------------------------------------------------------------
Immediate Field value         
Maximum:                      1374389535                    
Minimum:                      -100000000                    
-----------------------------------------------------------------------------------------------------------
Displacement Field Value      
Maximum:                      134957120                     
Minimum:                      -76                           
-----------------------------------------------------------------------------------------------------------


Total Execution Time:         5097                          
