Total Ins Count:              378000000002                  
Analysed Ins Count:           1000000002                    


Category                      InsCount                      Percentage                    
Loads                         415212682                     27.2225                       
Stores                        110040138                     7.21455                       
Nop                           1477639                       0.0968783                     
DirectCall                    12556336                      0.82323                       
IndirectCall                  0                             0                             
Returns                       12556336                      0.82323                       
UnconditionalBranch           8314494                       0.545122                      
ConditionalBranch             178242961                     11.6861                       
LogicalOps                    75119526                      4.92505                       
RotateAndShift                3516411                       0.230546                      
FlagOps                       0                             0                             
VectorIns                     0                             0                             
ConditionalMoves              0                             0                             
MmxSSEIns                     0                             0                             
Syscalls                      0                             0                             
FpIns                         0                             0                             
Others                        708216299                     46.4327                       

Total Ins                     1525252822                    

CPI:                          25                            
-----------------------------------------------------------------------------------------------------------
Instruction Footprint:        65                            
Data Footprint:               11672882                      
-----------------------------------------------------------------------------------------------------------
-----------------------------------------------------------------------------------------------------------
Distribution of instruction length
|                             Instruction Length            |                             Num Ins                       |                             
-----------------------------------------------------------------------------------------------------------
|                             0                             |                             0                             |                             
|                             1                             |                             80626401                      |                             
|                             2                             |                             485393444                     |                             
|                             3                             |                             315526388                     |                             
|                             4                             |                             50531272                      |                             
|                             5                             |                             22076601                      |                             
|                             6                             |                             5249812                       |                             
|                             7                             |                             40596084                      |                             
|                             8                             |                             0                             |                             
|                             9                             |                             0                             |                             
|                             10                            |                             0                             |                             
|                             11                            |                             0                             |                             
|                             12                            |                             0                             |                             
|                             13                            |                             0                             |                             
|                             14                            |                             0                             |                             
|                             15                            |                             0                             |                             
-----------------------------------------------------------------------------------------------------------
Distribution of the number of operands in an instruction
|                             Num Operands                  |                             Num Ins                       |                             
-----------------------------------------------------------------------------------------------------------
|                             0                             |                             1477639                       |                             
|                             1                             |                             0                             |                             
|                             2                             |                             484784804                     |                             
|                             3                             |                             457346960                     |                             
|                             4                             |                             43834263                      |                             
|                             5                             |                             12556336                      |                             
|                             6                             |                             0                             |                             
|                             7                             |                             0                             |                             
-----------------------------------------------------------------------------------------------------------
Distribution of the number of register read operands in an instruction
|                             Num REG Read Ops              |                             Num Ins                       |                             
-----------------------------------------------------------------------------------------------------------
|                             0                             |                             3759877                       |                             
|                             1                             |                             148510507                     |                             
|                             2                             |                             677530791                     |                             
|                             3                             |                             170198827                     |                             
|                             4                             |                             0                             |                             
|                             5                             |                             0                             |                             
|                             6                             |                             0                             |                             
|                             7                             |                             0                             |                             
-----------------------------------------------------------------------------------------------------------
Distribution of the number of register write operands in an instruction
|                             Num REG Write Ops             |                             Num Ins                       |                             
-----------------------------------------------------------------------------------------------------------
|                             0                             |                             70906592                      |                             
|                             1                             |                             770283644                     |                             
|                             2                             |                             158771255                     |                             
|                             3                             |                             38511                         |                             
|                             4                             |                             0                             |                             
|                             5                             |                             0                             |                             
|                             6                             |                             0                             |                             
|                             7                             |                             0                             |                             
-----------------------------------------------------------------------------------------------------------
Distribution of the number of memory operands in an instruction
|                             Num Memory Ops                |                             Num Ins                       |                             
-----------------------------------------------------------------------------------------------------------
|                             0                             |                             487182323                     |                             
|                             1                             |                             500382538                     |                             
|                             2                             |                             12435141                      |                             
|                             3                             |                             0                             |                             
|                             4                             |                             0                             |                             
|                             5                             |                             0                             |                             
|                             6                             |                             0                             |                             
|                             7                             |                             0                             |                             
-----------------------------------------------------------------------------------------------------------
Distribution of the number of memory read operands in an instruction
|                             Num Memory Read Ops           |                             Num Ins                       |                             
-----------------------------------------------------------------------------------------------------------
|                             0                             |                             584787320                     |                             
|                             1                             |                             415212682                     |                             
|                             2                             |                             0                             |                             
|                             3                             |                             0                             |                             
|                             4                             |                             0                             |                             
|                             5                             |                             0                             |                             
|                             6                             |                             0                             |                             
|                             7                             |                             0                             |                             
-----------------------------------------------------------------------------------------------------------
Distribution of the number of memory write operands in an instruction
|                             Num Memory Write Ops          |                             Num Ins                       |                             
-----------------------------------------------------------------------------------------------------------
|                             0                             |                             889959864                     |                             
|                             1                             |                             110040138                     |                             
|                             2                             |                             0                             |                             
|                             3                             |                             0                             |                             
|                             4                             |                             0                             |                             
|                             5                             |                             0                             |                             
|                             6                             |                             0                             |                             
|                             7                             |                             0                             |                             
-----------------------------------------------------------------------------------------------------------
Memory Bytes Touched          
Maximum:                      8                             
Average:                      4.09699                       
-----------------------------------------------------------------------------------------------------------
Immediate Field value         
Maximum:                      1374389535                    
Minimum:                      -100000000                    
-----------------------------------------------------------------------------------------------------------
Displacement Field Value      
Maximum:                      134957120                     
Minimum:                      -76                           
-----------------------------------------------------------------------------------------------------------


Total Execution Time:         6627                          
