Total Ins Count:              585000000016                  
Analysed Ins Count:           1000000016                    


Category                      InsCount                      Percentage                    
Loads                         1040897164                    43.8793                       
Stores                        331288220                     13.9655                       
Nop                           2265                          9.54816e-05                   
DirectCall                    531584                        0.022409                      
IndirectCall                  193                           8.13596e-06                   
Returns                       531777                        0.0224172                     
UnconditionalBranch           535271                        0.0225645                     
ConditionalBranch             4305620                       0.181504                      
LogicalOps                    1626454                       0.0685635                     
RotateAndShift                1059310                       0.0446554                     
FlagOps                       5                             2.10776e-07                   
VectorIns                     0                             0                             
ConditionalMoves              0                             0                             
MmxSSEIns                     0                             0                             
Syscalls                      0                             0                             
FpIns                         851723583                     35.9046                       
Others                        139683954                     5.88841                       

Total Ins                     2372185400                    

CPI:                          41                            
-----------------------------------------------------------------------------------------------------------
Instruction Footprint:        1227                          
Data Footprint:               4421507                       
-----------------------------------------------------------------------------------------------------------
-----------------------------------------------------------------------------------------------------------
Distribution of instruction length
|                             Instruction Length            |                             Num Ins                       |                             
-----------------------------------------------------------------------------------------------------------
|                             0                             |                             0                             |                             
|                             1                             |                             1658078                       |                             
|                             2                             |                             263441843                     |                             
|                             3                             |                             78112008                      |                             
|                             4                             |                             15678293                      |                             
|                             5                             |                             1609528                       |                             
|                             6                             |                             603728527                     |                             
|                             7                             |                             35771739                      |                             
|                             8                             |                             0                             |                             
|                             9                             |                             0                             |                             
|                             10                            |                             0                             |                             
|                             11                            |                             0                             |                             
|                             12                            |                             0                             |                             
|                             13                            |                             0                             |                             
|                             14                            |                             0                             |                             
|                             15                            |                             0                             |                             
-----------------------------------------------------------------------------------------------------------
Distribution of the number of operands in an instruction
|                             Num Operands                  |                             Num Ins                       |                             
-----------------------------------------------------------------------------------------------------------
|                             0                             |                             2265                          |                             
|                             1                             |                             23                            |                             
|                             2                             |                             83585112                      |                             
|                             3                             |                             461382389                     |                             
|                             4                             |                             454498420                     |                             
|                             5                             |                             531777                        |                             
|                             6                             |                             30                            |                             
|                             7                             |                             0                             |                             
-----------------------------------------------------------------------------------------------------------
Distribution of the number of register read operands in an instruction
|                             Num REG Read Ops              |                             Num Ins                       |                             
-----------------------------------------------------------------------------------------------------------
|                             0                             |                             18274762                      |                             
|                             1                             |                             42914496                      |                             
|                             2                             |                             532137836                     |                             
|                             3                             |                             397790888                     |                             
|                             4                             |                             8881869                       |                             
|                             5                             |                             135                           |                             
|                             6                             |                             30                            |                             
|                             7                             |                             0                             |                             
-----------------------------------------------------------------------------------------------------------
Distribution of the number of register write operands in an instruction
|                             Num REG Write Ops             |                             Num Ins                       |                             
-----------------------------------------------------------------------------------------------------------
|                             0                             |                             149849558                     |                             
|                             1                             |                             791740402                     |                             
|                             2                             |                             58409900                      |                             
|                             3                             |                             126                           |                             
|                             4                             |                             30                            |                             
|                             5                             |                             0                             |                             
|                             6                             |                             0                             |                             
|                             7                             |                             0                             |                             
-----------------------------------------------------------------------------------------------------------
Distribution of the number of memory operands in an instruction
|                             Num Memory Ops                |                             Num Ins                       |                             
-----------------------------------------------------------------------------------------------------------
|                             0                             |                             273540869                     |                             
|                             1                             |                             690600430                     |                             
|                             2                             |                             35858717                      |                             
|                             3                             |                             0                             |                             
|                             4                             |                             0                             |                             
|                             5                             |                             0                             |                             
|                             6                             |                             0                             |                             
|                             7                             |                             0                             |                             
-----------------------------------------------------------------------------------------------------------
Distribution of the number of memory read operands in an instruction
|                             Num Memory Read Ops           |                             Num Ins                       |                             
-----------------------------------------------------------------------------------------------------------
|                             0                             |                             424465478                     |                             
|                             1                             |                             575534508                     |                             
|                             2                             |                             30                            |                             
|                             3                             |                             0                             |                             
|                             4                             |                             0                             |                             
|                             5                             |                             0                             |                             
|                             6                             |                             0                             |                             
|                             7                             |                             0                             |                             
-----------------------------------------------------------------------------------------------------------
Distribution of the number of memory write operands in an instruction
|                             Num Memory Write Ops          |                             Num Ins                       |                             
-----------------------------------------------------------------------------------------------------------
|                             0                             |                             813216720                     |                             
|                             1                             |                             186783296                     |                             
|                             2                             |                             0                             |                             
|                             3                             |                             0                             |                             
|                             4                             |                             0                             |                             
|                             5                             |                             0                             |                             
|                             6                             |                             0                             |                             
|                             7                             |                             0                             |                             
-----------------------------------------------------------------------------------------------------------
Memory Bytes Touched          
Maximum:                      8                             
Average:                      7.35779                       
-----------------------------------------------------------------------------------------------------------
Immediate Field value         
Maximum:                      1431655766                    
Minimum:                      -2147483648                   
-----------------------------------------------------------------------------------------------------------
Displacement Field Value      
Maximum:                      135701372                     
Minimum:                      -2620                         
-----------------------------------------------------------------------------------------------------------


Total Execution Time:         8047                          
