Total Ins Count:              302000000007                  
Analysed Ins Count:           1000000007                    


Category                      InsCount                      Percentage                    
Loads                         452706117                     26.8848                       
Stores                        231174094                     13.7287                       
Nop                           36514                         0.00216845                    
DirectCall                    791601                        0.0470106                     
IndirectCall                  13                            7.72028e-07                   
Returns                       791610                        0.0470112                     
UnconditionalBranch           21299217                      1.26489                       
ConditionalBranch             129923131                     7.71572                       
LogicalOps                    71000729                      4.21651                       
RotateAndShift                61831968                      3.672                         
FlagOps                       6130                          0.000364041                   
VectorIns                     0                             0                             
ConditionalMoves              0                             0                             
MmxSSEIns                     0                             0                             
Syscalls                      0                             0                             
FpIns                         0                             0                             
Others                        714315009                     42.4209                       

Total Ins                     1683876133                    

CPI:                          30                            
-----------------------------------------------------------------------------------------------------------
Instruction Footprint:        759                           
Data Footprint:               2537194                       
-----------------------------------------------------------------------------------------------------------
-----------------------------------------------------------------------------------------------------------
Distribution of instruction length
|                             Instruction Length            |                             Num Ins                       |                             
-----------------------------------------------------------------------------------------------------------
|                             0                             |                             0                             |                             
|                             1                             |                             38611266                      |                             
|                             2                             |                             219201467                     |                             
|                             3                             |                             436965617                     |                             
|                             4                             |                             75326994                      |                             
|                             5                             |                             22047487                      |                             
|                             6                             |                             141357324                     |                             
|                             7                             |                             51341610                      |                             
|                             8                             |                             15085632                      |                             
|                             9                             |                             0                             |                             
|                             10                            |                             62610                         |                             
|                             11                            |                             0                             |                             
|                             12                            |                             0                             |                             
|                             13                            |                             0                             |                             
|                             14                            |                             0                             |                             
|                             15                            |                             0                             |                             
-----------------------------------------------------------------------------------------------------------
Distribution of the number of operands in an instruction
|                             Num Operands                  |                             Num Ins                       |                             
-----------------------------------------------------------------------------------------------------------
|                             0                             |                             36514                         |                             
|                             1                             |                             6147                          |                             
|                             2                             |                             597647475                     |                             
|                             3                             |                             382870405                     |                             
|                             4                             |                             2693858                       |                             
|                             5                             |                             14191400                      |                             
|                             6                             |                             2554208                       |                             
|                             7                             |                             0                             |                             
-----------------------------------------------------------------------------------------------------------
Distribution of the number of register read operands in an instruction
|                             Num REG Read Ops              |                             Num Ins                       |                             
-----------------------------------------------------------------------------------------------------------
|                             0                             |                             5189068                       |                             
|                             1                             |                             183351677                     |                             
|                             2                             |                             533608153                     |                             
|                             3                             |                             215105841                     |                             
|                             4                             |                             46791261                      |                             
|                             5                             |                             13399799                      |                             
|                             6                             |                             2554208                       |                             
|                             7                             |                             0                             |                             
-----------------------------------------------------------------------------------------------------------
Distribution of the number of register write operands in an instruction
|                             Num REG Write Ops             |                             Num Ins                       |                             
-----------------------------------------------------------------------------------------------------------
|                             0                             |                             132331421                     |                             
|                             1                             |                             712782444                     |                             
|                             2                             |                             152331917                     |                             
|                             3                             |                             2554225                       |                             
|                             4                             |                             0                             |                             
|                             5                             |                             0                             |                             
|                             6                             |                             0                             |                             
|                             7                             |                             0                             |                             
-----------------------------------------------------------------------------------------------------------
Distribution of the number of memory operands in an instruction
|                             Num Memory Ops                |                             Num Ins                       |                             
-----------------------------------------------------------------------------------------------------------
|                             0                             |                             399852528                     |                             
|                             1                             |                             516406577                     |                             
|                             2                             |                             83736817                      |                             
|                             3                             |                             0                             |                             
|                             4                             |                             0                             |                             
|                             5                             |                             0                             |                             
|                             6                             |                             0                             |                             
|                             7                             |                             0                             |                             
-----------------------------------------------------------------------------------------------------------
Distribution of the number of memory read operands in an instruction
|                             Num Memory Read Ops           |                             Num Ins                       |                             
-----------------------------------------------------------------------------------------------------------
|                             0                             |                             547289805                     |                             
|                             1                             |                             452706117                     |                             
|                             2                             |                             0                             |                             
|                             3                             |                             0                             |                             
|                             4                             |                             0                             |                             
|                             5                             |                             0                             |                             
|                             6                             |                             0                             |                             
|                             7                             |                             0                             |                             
-----------------------------------------------------------------------------------------------------------
Distribution of the number of memory write operands in an instruction
|                             Num Memory Write Ops          |                             Num Ins                       |                             
-----------------------------------------------------------------------------------------------------------
|                             0                             |                             768821828                     |                             
|                             1                             |                             231174094                     |                             
|                             2                             |                             0                             |                             
|                             3                             |                             0                             |                             
|                             4                             |                             0                             |                             
|                             5                             |                             0                             |                             
|                             6                             |                             0                             |                             
|                             7                             |                             0                             |                             
-----------------------------------------------------------------------------------------------------------
Memory Bytes Touched          
Maximum:                      8                             
Average:                      3.48541                       
-----------------------------------------------------------------------------------------------------------
Immediate Field value         
Maximum:                      1431655766                    
Minimum:                      -858993459                    
-----------------------------------------------------------------------------------------------------------
Displacement Field Value      
Maximum:                      135000192                     
Minimum:                      -4848                         
-----------------------------------------------------------------------------------------------------------


Total Execution Time:         2944                          
