Total Ins Count:              302000000000                  
Analysed Ins Count:           1000000000                    


Category                      InsCount                      Percentage                    
Loads                         452705973                     26.8848                       
Stores                        231174215                     13.7287                       
Nop                           36514                         0.00216845                    
DirectCall                    791587                        0.0470098                     
IndirectCall                  13                            7.72028e-07                   
Returns                       791596                        0.0470103                     
UnconditionalBranch           21299249                      1.26489                       
ConditionalBranch             129923066                     7.71571                       
LogicalOps                    71000836                      4.21651                       
RotateAndShift                61832093                      3.67201                       
FlagOps                       6130                          0.000364041                   
VectorIns                     0                             0                             
ConditionalMoves              0                             0                             
MmxSSEIns                     0                             0                             
Syscalls                      0                             0                             
FpIns                         0                             0                             
Others                        714314831                     42.4209                       

Total Ins                     1683876103                    

CPI:                          30                            
-----------------------------------------------------------------------------------------------------------
Instruction Footprint:        759                           
Data Footprint:               2537194                       
-----------------------------------------------------------------------------------------------------------
-----------------------------------------------------------------------------------------------------------
Distribution of instruction length
|                             Instruction Length            |                             Num Ins                       |                             
-----------------------------------------------------------------------------------------------------------
|                             0                             |                             0                             |                             
|                             1                             |                             38611297                      |                             
|                             2                             |                             219201497                     |                             
|                             3                             |                             436966010                     |                             
|                             4                             |                             75326921                      |                             
|                             5                             |                             22047311                      |                             
|                             6                             |                             141357083                     |                             
|                             7                             |                             51341639                      |                             
|                             8                             |                             15085632                      |                             
|                             9                             |                             0                             |                             
|                             10                            |                             62610                         |                             
|                             11                            |                             0                             |                             
|                             12                            |                             0                             |                             
|                             13                            |                             0                             |                             
|                             14                            |                             0                             |                             
|                             15                            |                             0                             |                             
-----------------------------------------------------------------------------------------------------------
Distribution of the number of operands in an instruction
|                             Num Operands                  |                             Num Ins                       |                             
-----------------------------------------------------------------------------------------------------------
|                             0                             |                             36514                         |                             
|                             1                             |                             6147                          |                             
|                             2                             |                             597647589                     |                             
|                             3                             |                             382870340                     |                             
|                             4                             |                             2693816                       |                             
|                             5                             |                             14191386                      |                             
|                             6                             |                             2554208                       |                             
|                             7                             |                             0                             |                             
-----------------------------------------------------------------------------------------------------------
Distribution of the number of register read operands in an instruction
|                             Num REG Read Ops              |                             Num Ins                       |                             
-----------------------------------------------------------------------------------------------------------
|                             0                             |                             5189068                       |                             
|                             1                             |                             183351795                     |                             
|                             2                             |                             533608270                     |                             
|                             3                             |                             215105799                     |                             
|                             4                             |                             46791061                      |                             
|                             5                             |                             13399799                      |                             
|                             6                             |                             2554208                       |                             
|                             7                             |                             0                             |                             
-----------------------------------------------------------------------------------------------------------
Distribution of the number of register write operands in an instruction
|                             Num REG Write Ops             |                             Num Ins                       |                             
-----------------------------------------------------------------------------------------------------------
|                             0                             |                             132331498                     |                             
|                             1                             |                             712782252                     |                             
|                             2                             |                             152332025                     |                             
|                             3                             |                             2554225                       |                             
|                             4                             |                             0                             |                             
|                             5                             |                             0                             |                             
|                             6                             |                             0                             |                             
|                             7                             |                             0                             |                             
-----------------------------------------------------------------------------------------------------------
Distribution of the number of memory operands in an instruction
|                             Num Memory Ops                |                             Num Ins                       |                             
-----------------------------------------------------------------------------------------------------------
|                             0                             |                             399852616                     |                             
|                             1                             |                             516406410                     |                             
|                             2                             |                             83736889                      |                             
|                             3                             |                             0                             |                             
|                             4                             |                             0                             |                             
|                             5                             |                             0                             |                             
|                             6                             |                             0                             |                             
|                             7                             |                             0                             |                             
-----------------------------------------------------------------------------------------------------------
Distribution of the number of memory read operands in an instruction
|                             Num Memory Read Ops           |                             Num Ins                       |                             
-----------------------------------------------------------------------------------------------------------
|                             0                             |                             547289942                     |                             
|                             1                             |                             452705973                     |                             
|                             2                             |                             0                             |                             
|                             3                             |                             0                             |                             
|                             4                             |                             0                             |                             
|                             5                             |                             0                             |                             
|                             6                             |                             0                             |                             
|                             7                             |                             0                             |                             
-----------------------------------------------------------------------------------------------------------
Distribution of the number of memory write operands in an instruction
|                             Num Memory Write Ops          |                             Num Ins                       |                             
-----------------------------------------------------------------------------------------------------------
|                             0                             |                             768821700                     |                             
|                             1                             |                             231174215                     |                             
|                             2                             |                             0                             |                             
|                             3                             |                             0                             |                             
|                             4                             |                             0                             |                             
|                             5                             |                             0                             |                             
|                             6                             |                             0                             |                             
|                             7                             |                             0                             |                             
-----------------------------------------------------------------------------------------------------------
Memory Bytes Touched          
Maximum:                      8                             
Average:                      4.02652                       
-----------------------------------------------------------------------------------------------------------
Immediate Field value         
Maximum:                      1431655766                    
Minimum:                      -858993459                    
-----------------------------------------------------------------------------------------------------------
Displacement Field Value      
Maximum:                      135000192                     
Minimum:                      -4848                         
-----------------------------------------------------------------------------------------------------------


Total Execution Time:         5006                          
