Total Ins Count:              44000000001                   
Analysed Ins Count:           1000000001                    


Category                      InsCount                      Percentage                    
Loads                         372374052                     23.2419                       
Stores                        229791137                     14.3425                       
Nop                           802403                        0.0500824                     
DirectCall                    21327730                      1.33118                       
IndirectCall                  3689260                       0.230267                      
Returns                       25016990                      1.56145                       
UnconditionalBranch           22189659                      1.38498                       
ConditionalBranch             117335243                     7.32354                       
LogicalOps                    60009460                      3.74552                       
RotateAndShift                7139684                       0.445627                      
FlagOps                       20159859                      1.25829                       
VectorIns                     0                             0                             
ConditionalMoves              0                             0                             
MmxSSEIns                     0                             0                             
Syscalls                      0                             0                             
FpIns                         96963544                      6.05203                       
Others                        625366169                     39.0326                       

Total Ins                     1602165190                    

CPI:                          27                            
-----------------------------------------------------------------------------------------------------------
Instruction Footprint:        901                           
Data Footprint:               554205                        
-----------------------------------------------------------------------------------------------------------
-----------------------------------------------------------------------------------------------------------
Distribution of instruction length
|                             Instruction Length            |                             Num Ins                       |                             
-----------------------------------------------------------------------------------------------------------
|                             0                             |                             0                             |                             
|                             1                             |                             154578820                     |                             
|                             2                             |                             308551225                     |                             
|                             3                             |                             382074564                     |                             
|                             4                             |                             34347878                      |                             
|                             5                             |                             45117276                      |                             
|                             6                             |                             48822858                      |                             
|                             7                             |                             26506959                      |                             
|                             8                             |                             0                             |                             
|                             9                             |                             0                             |                             
|                             10                            |                             421                           |                             
|                             11                            |                             0                             |                             
|                             12                            |                             0                             |                             
|                             13                            |                             0                             |                             
|                             14                            |                             0                             |                             
|                             15                            |                             0                             |                             
-----------------------------------------------------------------------------------------------------------
Distribution of the number of operands in an instruction
|                             Num Operands                  |                             Num Ins                       |                             
-----------------------------------------------------------------------------------------------------------
|                             0                             |                             802403                        |                             
|                             1                             |                             225879                        |                             
|                             2                             |                             518294341                     |                             
|                             3                             |                             281743909                     |                             
|                             4                             |                             172763973                     |                             
|                             5                             |                             25030581                      |                             
|                             6                             |                             1138915                       |                             
|                             7                             |                             0                             |                             
-----------------------------------------------------------------------------------------------------------
Distribution of the number of register read operands in an instruction
|                             Num REG Read Ops              |                             Num Ins                       |                             
-----------------------------------------------------------------------------------------------------------
|                             0                             |                             29000191                      |                             
|                             1                             |                             197518837                     |                             
|                             2                             |                             540431945                     |                             
|                             3                             |                             219765999                     |                             
|                             4                             |                             8457501                       |                             
|                             5                             |                             3686613                       |                             
|                             6                             |                             1138915                       |                             
|                             7                             |                             0                             |                             
-----------------------------------------------------------------------------------------------------------
Distribution of the number of register write operands in an instruction
|                             Num REG Write Ops             |                             Num Ins                       |                             
-----------------------------------------------------------------------------------------------------------
|                             0                             |                             165349973                     |                             
|                             1                             |                             665542407                     |                             
|                             2                             |                             167592692                     |                             
|                             3                             |                             376014                        |                             
|                             4                             |                             1138915                       |                             
|                             5                             |                             0                             |                             
|                             6                             |                             0                             |                             
|                             7                             |                             0                             |                             
-----------------------------------------------------------------------------------------------------------
Distribution of the number of memory operands in an instruction
|                             Num Memory Ops                |                             Num Ins                       |                             
-----------------------------------------------------------------------------------------------------------
|                             0                             |                             449250077                     |                             
|                             1                             |                             542984799                     |                             
|                             2                             |                             7765125                       |                             
|                             3                             |                             0                             |                             
|                             4                             |                             0                             |                             
|                             5                             |                             0                             |                             
|                             6                             |                             0                             |                             
|                             7                             |                             0                             |                             
-----------------------------------------------------------------------------------------------------------
Distribution of the number of memory read operands in an instruction
|                             Num Memory Read Ops           |                             Num Ins                       |                             
-----------------------------------------------------------------------------------------------------------
|                             0                             |                             661700907                     |                             
|                             1                             |                             337160179                     |                             
|                             2                             |                             1138915                       |                             
|                             3                             |                             0                             |                             
|                             4                             |                             0                             |                             
|                             5                             |                             0                             |                             
|                             6                             |                             0                             |                             
|                             7                             |                             0                             |                             
-----------------------------------------------------------------------------------------------------------
Distribution of the number of memory write operands in an instruction
|                             Num Memory Write Ops          |                             Num Ins                       |                             
-----------------------------------------------------------------------------------------------------------
|                             0                             |                             780922961                     |                             
|                             1                             |                             219077040                     |                             
|                             2                             |                             0                             |                             
|                             3                             |                             0                             |                             
|                             4                             |                             0                             |                             
|                             5                             |                             0                             |                             
|                             6                             |                             0                             |                             
|                             7                             |                             0                             |                             
-----------------------------------------------------------------------------------------------------------
Memory Bytes Touched          
Maximum:                      8                             
Average:                      4.22175                       
-----------------------------------------------------------------------------------------------------------
Immediate Field value         
Maximum:                      2147483647                    
Minimum:                      -2092037281                   
-----------------------------------------------------------------------------------------------------------
Displacement Field Value      
Maximum:                      136090116                     
Minimum:                      -104                          
-----------------------------------------------------------------------------------------------------------


Total Execution Time:         595                           
