Total Ins Count:              365000000008                  
Analysed Ins Count:           1000000008                    


Category                      InsCount                      Percentage                    
Loads                         546362950                     33.1629                       
Stores                        101149930                     6.13955                       
Nop                           11471                         0.000696262                   
DirectCall                    3199444                       0.194198                      
IndirectCall                  135                           8.19417e-06                   
Returns                       3199579                       0.194207                      
UnconditionalBranch           13171070                      0.799452                      
ConditionalBranch             103110472                     6.25855                       
LogicalOps                    13848301                      0.840558                      
RotateAndShift                10323898                      0.626635                      
FlagOps                       23244969                      1.41091                       
VectorIns                     0                             0                             
ConditionalMoves              0                             0                             
MmxSSEIns                     0                             0                             
Syscalls                      0                             0                             
FpIns                         306667466                     18.614                        
Others                        523223203                     31.7584                       

Total Ins                     1647512888                    

CPI:                          29                            
-----------------------------------------------------------------------------------------------------------
Instruction Footprint:        1180                          
Data Footprint:               5694980                       
-----------------------------------------------------------------------------------------------------------
-----------------------------------------------------------------------------------------------------------
Distribution of instruction length
|                             Instruction Length            |                             Num Ins                       |                             
-----------------------------------------------------------------------------------------------------------
|                             0                             |                             0                             |                             
|                             1                             |                             77075412                      |                             
|                             2                             |                             441684192                     |                             
|                             3                             |                             398958227                     |                             
|                             4                             |                             16506344                      |                             
|                             5                             |                             3277725                       |                             
|                             6                             |                             40943876                      |                             
|                             7                             |                             17615570                      |                             
|                             8                             |                             3938662                       |                             
|                             9                             |                             0                             |                             
|                             10                            |                             0                             |                             
|                             11                            |                             0                             |                             
|                             12                            |                             0                             |                             
|                             13                            |                             0                             |                             
|                             14                            |                             0                             |                             
|                             15                            |                             0                             |                             
-----------------------------------------------------------------------------------------------------------
Distribution of the number of operands in an instruction
|                             Num Operands                  |                             Num Ins                       |                             
-----------------------------------------------------------------------------------------------------------
|                             0                             |                             11471                         |                             
|                             1                             |                             23                            |                             
|                             2                             |                             415270450                     |                             
|                             3                             |                             395014097                     |                             
|                             4                             |                             186468170                     |                             
|                             5                             |                             3235797                       |                             
|                             6                             |                             0                             |                             
|                             7                             |                             0                             |                             
-----------------------------------------------------------------------------------------------------------
Distribution of the number of register read operands in an instruction
|                             Num REG Read Ops              |                             Num Ins                       |                             
-----------------------------------------------------------------------------------------------------------
|                             0                             |                             23455362                      |                             
|                             1                             |                             216024876                     |                             
|                             2                             |                             577322277                     |                             
|                             3                             |                             140222742                     |                             
|                             4                             |                             42938419                      |                             
|                             5                             |                             36332                         |                             
|                             6                             |                             0                             |                             
|                             7                             |                             0                             |                             
-----------------------------------------------------------------------------------------------------------
Distribution of the number of register write operands in an instruction
|                             Num REG Write Ops             |                             Num Ins                       |                             
-----------------------------------------------------------------------------------------------------------
|                             0                             |                             69539590                      |                             
|                             1                             |                             764796447                     |                             
|                             2                             |                             165663971                     |                             
|                             3                             |                             0                             |                             
|                             4                             |                             0                             |                             
|                             5                             |                             0                             |                             
|                             6                             |                             0                             |                             
|                             7                             |                             0                             |                             
-----------------------------------------------------------------------------------------------------------
Distribution of the number of memory operands in an instruction
|                             Num Memory Ops                |                             Num Ins                       |                             
-----------------------------------------------------------------------------------------------------------
|                             0                             |                             530021457                     |                             
|                             1                             |                             439601971                     |                             
|                             2                             |                             30376580                      |                             
|                             3                             |                             0                             |                             
|                             4                             |                             0                             |                             
|                             5                             |                             0                             |                             
|                             6                             |                             0                             |                             
|                             7                             |                             0                             |                             
-----------------------------------------------------------------------------------------------------------
Distribution of the number of memory read operands in an instruction
|                             Num Memory Read Ops           |                             Num Ins                       |                             
-----------------------------------------------------------------------------------------------------------
|                             0                             |                             582900729                     |                             
|                             1                             |                             417099279                     |                             
|                             2                             |                             0                             |                             
|                             3                             |                             0                             |                             
|                             4                             |                             0                             |                             
|                             5                             |                             0                             |                             
|                             6                             |                             0                             |                             
|                             7                             |                             0                             |                             
-----------------------------------------------------------------------------------------------------------
Distribution of the number of memory write operands in an instruction
|                             Num Memory Write Ops          |                             Num Ins                       |                             
-----------------------------------------------------------------------------------------------------------
|                             0                             |                             916744156                     |                             
|                             1                             |                             83255852                      |                             
|                             2                             |                             0                             |                             
|                             3                             |                             0                             |                             
|                             4                             |                             0                             |                             
|                             5                             |                             0                             |                             
|                             6                             |                             0                             |                             
|                             7                             |                             0                             |                             
-----------------------------------------------------------------------------------------------------------
Memory Bytes Touched          
Maximum:                      8                             
Average:                      5.51099                       
-----------------------------------------------------------------------------------------------------------
Immediate Field value         
Maximum:                      2147483647                    
Minimum:                      -1074790400                   
-----------------------------------------------------------------------------------------------------------
Displacement Field Value      
Maximum:                      135856732                     
Minimum:                      -344                          
-----------------------------------------------------------------------------------------------------------


Total Execution Time:         12318                         
