Total Ins Count:              1514000000005                 
Analysed Ins Count:           1000000005                    


Category                      InsCount                      Percentage                    
Loads                         441157131                     29.208                        
Stores                        69242044                      4.58435                       
Nop                           179675                        0.0118959                     
DirectCall                    3278118                       0.217037                      
IndirectCall                  511                           3.38321e-05                   
Returns                       3278630                       0.21707                       
UnconditionalBranch           5487108                       0.363289                      
ConditionalBranch             112770160                     7.46625                       
LogicalOps                    35272618                      2.33532                       
RotateAndShift                264878                        0.017537                      
FlagOps                       4318697                       0.285931                      
VectorIns                     0                             0                             
ConditionalMoves              0                             0                             
MmxSSEIns                     0                             0                             
Syscalls                      0                             0                             
FpIns                         412503556                     27.3109                       
Others                        422645904                     27.9824                       

Total Ins                     1510399030                    

CPI:                          25                            
-----------------------------------------------------------------------------------------------------------
Instruction Footprint:        1178                          
Data Footprint:               155091                        
-----------------------------------------------------------------------------------------------------------
-----------------------------------------------------------------------------------------------------------
Distribution of instruction length
|                             Instruction Length            |                             Num Ins                       |                             
-----------------------------------------------------------------------------------------------------------
|                             0                             |                             0                             |                             
|                             1                             |                             81214934                      |                             
|                             2                             |                             430545513                     |                             
|                             3                             |                             432113065                     |                             
|                             4                             |                             26290007                      |                             
|                             5                             |                             7126663                       |                             
|                             6                             |                             17912432                      |                             
|                             7                             |                             4753422                       |                             
|                             8                             |                             43956                         |                             
|                             9                             |                             0                             |                             
|                             10                            |                             13                            |                             
|                             11                            |                             0                             |                             
|                             12                            |                             0                             |                             
|                             13                            |                             0                             |                             
|                             14                            |                             0                             |                             
|                             15                            |                             0                             |                             
-----------------------------------------------------------------------------------------------------------
Distribution of the number of operands in an instruction
|                             Num Operands                  |                             Num Ins                       |                             
-----------------------------------------------------------------------------------------------------------
|                             0                             |                             179675                        |                             
|                             1                             |                             7759                          |                             
|                             2                             |                             301660162                     |                             
|                             3                             |                             502104118                     |                             
|                             4                             |                             179681568                     |                             
|                             5                             |                             16290899                      |                             
|                             6                             |                             75824                         |                             
|                             7                             |                             0                             |                             
-----------------------------------------------------------------------------------------------------------
Distribution of the number of register read operands in an instruction
|                             Num REG Read Ops              |                             Num Ins                       |                             
-----------------------------------------------------------------------------------------------------------
|                             0                             |                             5015948                       |                             
|                             1                             |                             112978808                     |                             
|                             2                             |                             585929146                     |                             
|                             3                             |                             151630364                     |                             
|                             4                             |                             131357134                     |                             
|                             5                             |                             13012781                      |                             
|                             6                             |                             75824                         |                             
|                             7                             |                             0                             |                             
-----------------------------------------------------------------------------------------------------------
Distribution of the number of register write operands in an instruction
|                             Num REG Write Ops             |                             Num Ins                       |                             
-----------------------------------------------------------------------------------------------------------
|                             0                             |                             45850694                      |                             
|                             1                             |                             833895798                     |                             
|                             2                             |                             120176280                     |                             
|                             3                             |                             77233                         |                             
|                             4                             |                             0                             |                             
|                             5                             |                             0                             |                             
|                             6                             |                             0                             |                             
|                             7                             |                             0                             |                             
-----------------------------------------------------------------------------------------------------------
Distribution of the number of memory operands in an instruction
|                             Num Memory Ops                |                             Num Ins                       |                             
-----------------------------------------------------------------------------------------------------------
|                             0                             |                             508705578                     |                             
|                             1                             |                             480373212                     |                             
|                             2                             |                             10921065                      |                             
|                             3                             |                             0                             |                             
|                             4                             |                             0                             |                             
|                             5                             |                             0                             |                             
|                             6                             |                             0                             |                             
|                             7                             |                             0                             |                             
-----------------------------------------------------------------------------------------------------------
Distribution of the number of memory read operands in an instruction
|                             Num Memory Read Ops           |                             Num Ins                       |                             
-----------------------------------------------------------------------------------------------------------
|                             0                             |                             564180094                     |                             
|                             1                             |                             435819761                     |                             
|                             2                             |                             0                             |                             
|                             3                             |                             0                             |                             
|                             4                             |                             0                             |                             
|                             5                             |                             0                             |                             
|                             6                             |                             0                             |                             
|                             7                             |                             0                             |                             
-----------------------------------------------------------------------------------------------------------
Distribution of the number of memory write operands in an instruction
|                             Num Memory Write Ops          |                             Num Ins                       |                             
-----------------------------------------------------------------------------------------------------------
|                             0                             |                             933604274                     |                             
|                             1                             |                             66395581                      |                             
|                             2                             |                             0                             |                             
|                             3                             |                             0                             |                             
|                             4                             |                             0                             |                             
|                             5                             |                             0                             |                             
|                             6                             |                             0                             |                             
|                             7                             |                             0                             |                             
-----------------------------------------------------------------------------------------------------------
Memory Bytes Touched          
Maximum:                      8                             
Average:                      3.99254                       
-----------------------------------------------------------------------------------------------------------
Immediate Field value         
Maximum:                      2147483647                    
Minimum:                      -2147483648                   
-----------------------------------------------------------------------------------------------------------
Displacement Field Value      
Maximum:                      135127364                     
Minimum:                      -121088                       
-----------------------------------------------------------------------------------------------------------


Total Execution Time:         28946                         
