Total Ins Count:              265000000004                  
Analysed Ins Count:           1000000004                    


Category                      InsCount                      Percentage                    
Loads                         547670761                     33.7367                       
Stores                        75698745                      4.66307                       
Nop                           34317                         0.00211394                    
DirectCall                    144622                        0.00890876                    
IndirectCall                  959                           5.90747e-05                   
Returns                       145581                        0.00896783                    
UnconditionalBranch           205862                        0.0126812                     
ConditionalBranch             144361426                     8.89271                       
LogicalOps                    1158703                       0.0713765                     
RotateAndShift                294106                        0.018117                      
FlagOps                       5669                          0.000349212                   
VectorIns                     0                             0                             
ConditionalMoves              0                             0                             
MmxSSEIns                     0                             0                             
Syscalls                      0                             0                             
FpIns                         40212                         0.00247707                    
Others                        853607584                     52.5825                       

Total Ins                     1623368547                    

CPI:                          28                            
-----------------------------------------------------------------------------------------------------------
Instruction Footprint:        488                           
Data Footprint:               84066                         
-----------------------------------------------------------------------------------------------------------
-----------------------------------------------------------------------------------------------------------
Distribution of instruction length
|                             Instruction Length            |                             Num Ins                       |                             
-----------------------------------------------------------------------------------------------------------
|                             0                             |                             0                             |                             
|                             1                             |                             25078459                      |                             
|                             2                             |                             302860554                     |                             
|                             3                             |                             296150916                     |                             
|                             4                             |                             270388798                     |                             
|                             5                             |                             24861235                      |                             
|                             6                             |                             68360207                      |                             
|                             7                             |                             416480                        |                             
|                             8                             |                             11883355                      |                             
|                             9                             |                             0                             |                             
|                             10                            |                             0                             |                             
|                             11                            |                             0                             |                             
|                             12                            |                             0                             |                             
|                             13                            |                             0                             |                             
|                             14                            |                             0                             |                             
|                             15                            |                             0                             |                             
-----------------------------------------------------------------------------------------------------------
Distribution of the number of operands in an instruction
|                             Num Operands                  |                             Num Ins                       |                             
-----------------------------------------------------------------------------------------------------------
|                             0                             |                             34887                         |                             
|                             1                             |                             3512                          |                             
|                             2                             |                             566126763                     |                             
|                             3                             |                             432938368                     |                             
|                             4                             |                             713115                        |                             
|                             5                             |                             159551                        |                             
|                             6                             |                             23808                         |                             
|                             7                             |                             0                             |                             
-----------------------------------------------------------------------------------------------------------
Distribution of the number of register read operands in an instruction
|                             Num REG Read Ops              |                             Num Ins                       |                             
-----------------------------------------------------------------------------------------------------------
|                             0                             |                             610947                        |                             
|                             1                             |                             75620186                      |                             
|                             2                             |                             562398803                     |                             
|                             3                             |                             281425792                     |                             
|                             4                             |                             79905539                      |                             
|                             5                             |                             14929                         |                             
|                             6                             |                             23808                         |                             
|                             7                             |                             0                             |                             
-----------------------------------------------------------------------------------------------------------
Distribution of the number of register write operands in an instruction
|                             Num REG Write Ops             |                             Num Ins                       |                             
-----------------------------------------------------------------------------------------------------------
|                             0                             |                             75149177                      |                             
|                             1                             |                             755280002                     |                             
|                             2                             |                             169547017                     |                             
|                             3                             |                             23808                         |                             
|                             4                             |                             0                             |                             
|                             5                             |                             0                             |                             
|                             6                             |                             0                             |                             
|                             7                             |                             0                             |                             
-----------------------------------------------------------------------------------------------------------
Distribution of the number of memory operands in an instruction
|                             Num Memory Ops                |                             Num Ins                       |                             
-----------------------------------------------------------------------------------------------------------
|                             0                             |                             376808163                     |                             
|                             1                             |                             623024769                     |                             
|                             2                             |                             166109                        |                             
|                             3                             |                             0                             |                             
|                             4                             |                             0                             |                             
|                             5                             |                             0                             |                             
|                             6                             |                             0                             |                             
|                             7                             |                             0                             |                             
-----------------------------------------------------------------------------------------------------------
Distribution of the number of memory read operands in an instruction
|                             Num Memory Read Ops           |                             Num Ins                       |                             
-----------------------------------------------------------------------------------------------------------
|                             0                             |                             452336163                     |                             
|                             1                             |                             547662878                     |                             
|                             2                             |                             0                             |                             
|                             3                             |                             0                             |                             
|                             4                             |                             0                             |                             
|                             5                             |                             0                             |                             
|                             6                             |                             0                             |                             
|                             7                             |                             0                             |                             
-----------------------------------------------------------------------------------------------------------
Distribution of the number of memory write operands in an instruction
|                             Num Memory Write Ops          |                             Num Ins                       |                             
-----------------------------------------------------------------------------------------------------------
|                             0                             |                             924304932                     |                             
|                             1                             |                             75694109                      |                             
|                             2                             |                             0                             |                             
|                             3                             |                             0                             |                             
|                             4                             |                             0                             |                             
|                             5                             |                             0                             |                             
|                             6                             |                             0                             |                             
|                             7                             |                             0                             |                             
-----------------------------------------------------------------------------------------------------------
Memory Bytes Touched          
Maximum:                      8                             
Average:                      3.99751                       
-----------------------------------------------------------------------------------------------------------
Immediate Field value         
Maximum:                      2147483647                    
Minimum:                      -987654321                    
-----------------------------------------------------------------------------------------------------------
Displacement Field Value      
Maximum:                      135294312                     
Minimum:                      -580                          
-----------------------------------------------------------------------------------------------------------


Total Execution Time:         2498                          
