Total Ins Count:              265000000002                  
Analysed Ins Count:           1000000002                    


Category                      InsCount                      Percentage                    
Loads                         547670763                     33.7367                       
Stores                        75698747                      4.66307                       
Nop                           34317                         0.00211394                    
DirectCall                    144622                        0.00890876                    
IndirectCall                  959                           5.90747e-05                   
Returns                       145581                        0.00896783                    
UnconditionalBranch           205862                        0.0126812                     
ConditionalBranch             144361423                     8.89271                       
LogicalOps                    1158703                       0.0713765                     
RotateAndShift                294106                        0.018117                      
FlagOps                       5669                          0.000349212                   
VectorIns                     0                             0                             
ConditionalMoves              0                             0                             
MmxSSEIns                     0                             0                             
Syscalls                      0                             0                             
FpIns                         40212                         0.00247707                    
Others                        853607585                     52.5825                       

Total Ins                     1623368549                    

CPI:                          28                            
-----------------------------------------------------------------------------------------------------------
Instruction Footprint:        488                           
Data Footprint:               84066                         
-----------------------------------------------------------------------------------------------------------
-----------------------------------------------------------------------------------------------------------
Distribution of instruction length
|                             Instruction Length            |                             Num Ins                       |                             
-----------------------------------------------------------------------------------------------------------
|                             0                             |                             0                             |                             
|                             1                             |                             25078459                      |                             
|                             2                             |                             302860550                     |                             
|                             3                             |                             296150906                     |                             
|                             4                             |                             270388806                     |                             
|                             5                             |                             24861234                      |                             
|                             6                             |                             68360213                      |                             
|                             7                             |                             416480                        |                             
|                             8                             |                             11883354                      |                             
|                             9                             |                             0                             |                             
|                             10                            |                             0                             |                             
|                             11                            |                             0                             |                             
|                             12                            |                             0                             |                             
|                             13                            |                             0                             |                             
|                             14                            |                             0                             |                             
|                             15                            |                             0                             |                             
-----------------------------------------------------------------------------------------------------------
Distribution of the number of operands in an instruction
|                             Num Operands                  |                             Num Ins                       |                             
-----------------------------------------------------------------------------------------------------------
|                             0                             |                             34887                         |                             
|                             1                             |                             3512                          |                             
|                             2                             |                             566126768                     |                             
|                             3                             |                             432938361                     |                             
|                             4                             |                             713115                        |                             
|                             5                             |                             159551                        |                             
|                             6                             |                             23808                         |                             
|                             7                             |                             0                             |                             
-----------------------------------------------------------------------------------------------------------
Distribution of the number of register read operands in an instruction
|                             Num REG Read Ops              |                             Num Ins                       |                             
-----------------------------------------------------------------------------------------------------------
|                             0                             |                             610947                        |                             
|                             1                             |                             75620184                      |                             
|                             2                             |                             562398804                     |                             
|                             3                             |                             281425782                     |                             
|                             4                             |                             79905548                      |                             
|                             5                             |                             14929                         |                             
|                             6                             |                             23808                         |                             
|                             7                             |                             0                             |                             
-----------------------------------------------------------------------------------------------------------
Distribution of the number of register write operands in an instruction
|                             Num REG Write Ops             |                             Num Ins                       |                             
-----------------------------------------------------------------------------------------------------------
|                             0                             |                             75149179                      |                             
|                             1                             |                             755279999                     |                             
|                             2                             |                             169547016                     |                             
|                             3                             |                             23808                         |                             
|                             4                             |                             0                             |                             
|                             5                             |                             0                             |                             
|                             6                             |                             0                             |                             
|                             7                             |                             0                             |                             
-----------------------------------------------------------------------------------------------------------
Distribution of the number of memory operands in an instruction
|                             Num Memory Ops                |                             Num Ins                       |                             
-----------------------------------------------------------------------------------------------------------
|                             0                             |                             376808157                     |                             
|                             1                             |                             623024773                     |                             
|                             2                             |                             166109                        |                             
|                             3                             |                             0                             |                             
|                             4                             |                             0                             |                             
|                             5                             |                             0                             |                             
|                             6                             |                             0                             |                             
|                             7                             |                             0                             |                             
-----------------------------------------------------------------------------------------------------------
Distribution of the number of memory read operands in an instruction
|                             Num Memory Read Ops           |                             Num Ins                       |                             
-----------------------------------------------------------------------------------------------------------
|                             0                             |                             452336159                     |                             
|                             1                             |                             547662880                     |                             
|                             2                             |                             0                             |                             
|                             3                             |                             0                             |                             
|                             4                             |                             0                             |                             
|                             5                             |                             0                             |                             
|                             6                             |                             0                             |                             
|                             7                             |                             0                             |                             
-----------------------------------------------------------------------------------------------------------
Distribution of the number of memory write operands in an instruction
|                             Num Memory Write Ops          |                             Num Ins                       |                             
-----------------------------------------------------------------------------------------------------------
|                             0                             |                             924304928                     |                             
|                             1                             |                             75694111                      |                             
|                             2                             |                             0                             |                             
|                             3                             |                             0                             |                             
|                             4                             |                             0                             |                             
|                             5                             |                             0                             |                             
|                             6                             |                             0                             |                             
|                             7                             |                             0                             |                             
-----------------------------------------------------------------------------------------------------------
Memory Bytes Touched          
Maximum:                      8                             
Average:                      3.99842                       
-----------------------------------------------------------------------------------------------------------
Immediate Field value         
Maximum:                      2147483647                    
Minimum:                      -987654321                    
-----------------------------------------------------------------------------------------------------------
Displacement Field Value      
Maximum:                      135294312                     
Minimum:                      -580                          
-----------------------------------------------------------------------------------------------------------


Total Execution Time:         4052                          
