Total Ins Count:              108000000002                  
Analysed Ins Count:           1000000002                    


Category                      InsCount                      Percentage                    
Loads                         136930602                     9.14537                       
Stores                        360404241                     24.0708                       
Nop                           188285                        0.0125753                     
DirectCall                    4528661                       0.302462                      
IndirectCall                  503334                        0.0336169                     
Returns                       5031990                       0.336078                      
UnconditionalBranch           4763011                       0.318114                      
ConditionalBranch             133291505                     8.90232                       
LogicalOps                    132011785                     8.81685                       
RotateAndShift                2356298                       0.157373                      
FlagOps                       185054                        0.0123595                     
VectorIns                     0                             0                             
ConditionalMoves              0                             0                             
MmxSSEIns                     0                             0                             
Syscalls                      0                             0                             
FpIns                         5                             3.33942e-07                   
Others                        717071668                     47.8921                       

Total Ins                     1497266439                    

CPI:                          24                            
-----------------------------------------------------------------------------------------------------------
Instruction Footprint:        2965                          
Data Footprint:               1137979                       
-----------------------------------------------------------------------------------------------------------
-----------------------------------------------------------------------------------------------------------
Distribution of instruction length
|                             Instruction Length            |                             Num Ins                       |                             
-----------------------------------------------------------------------------------------------------------
|                             0                             |                             0                             |                             
|                             1                             |                             129984220                     |                             
|                             2                             |                             592999440                     |                             
|                             3                             |                             123898854                     |                             
|                             4                             |                             116369328                     |                             
|                             5                             |                             10803828                      |                             
|                             6                             |                             15206938                      |                             
|                             7                             |                             10679523                      |                             
|                             8                             |                             57871                         |                             
|                             9                             |                             0                             |                             
|                             10                            |                             0                             |                             
|                             11                            |                             0                             |                             
|                             12                            |                             0                             |                             
|                             13                            |                             0                             |                             
|                             14                            |                             0                             |                             
|                             15                            |                             0                             |                             
-----------------------------------------------------------------------------------------------------------
Distribution of the number of operands in an instruction
|                             Num Operands                  |                             Num Ins                       |                             
-----------------------------------------------------------------------------------------------------------
|                             0                             |                             188285                        |                             
|                             1                             |                             4598759                       |                             
|                             2                             |                             348610687                     |                             
|                             3                             |                             403955492                     |                             
|                             4                             |                             33621972                      |                             
|                             5                             |                             204769524                     |                             
|                             6                             |                             4255283                       |                             
|                             7                             |                             0                             |                             
-----------------------------------------------------------------------------------------------------------
Distribution of the number of register read operands in an instruction
|                             Num REG Read Ops              |                             Num Ins                       |                             
-----------------------------------------------------------------------------------------------------------
|                             0                             |                             2131289                       |                             
|                             1                             |                             168576175                     |                             
|                             2                             |                             471816345                     |                             
|                             3                             |                             61971372                      |                             
|                             4                             |                             91010073                      |                             
|                             5                             |                             200239465                     |                             
|                             6                             |                             4255283                       |                             
|                             7                             |                             0                             |                             
-----------------------------------------------------------------------------------------------------------
Distribution of the number of register write operands in an instruction
|                             Num REG Write Ops             |                             Num Ins                       |                             
-----------------------------------------------------------------------------------------------------------
|                             0                             |                             125990438                     |                             
|                             1                             |                             416853225                     |                             
|                             2                             |                             452756941                     |                             
|                             3                             |                             4399398                       |                             
|                             4                             |                             0                             |                             
|                             5                             |                             0                             |                             
|                             6                             |                             0                             |                             
|                             7                             |                             0                             |                             
-----------------------------------------------------------------------------------------------------------
Distribution of the number of memory operands in an instruction
|                             Num Memory Ops                |                             Num Ins                       |                             
-----------------------------------------------------------------------------------------------------------
|                             0                             |                             518978185                     |                             
|                             1                             |                             464571982                     |                             
|                             2                             |                             16381429                      |                             
|                             3                             |                             0                             |                             
|                             4                             |                             0                             |                             
|                             5                             |                             0                             |                             
|                             6                             |                             0                             |                             
|                             7                             |                             0                             |                             
-----------------------------------------------------------------------------------------------------------
Distribution of the number of memory read operands in an instruction
|                             Num Memory Read Ops           |                             Num Ins                       |                             
-----------------------------------------------------------------------------------------------------------
|                             0                             |                             863000997                     |                             
|                             1                             |                             136930599                     |                             
|                             2                             |                             0                             |                             
|                             3                             |                             0                             |                             
|                             4                             |                             0                             |                             
|                             5                             |                             0                             |                             
|                             6                             |                             0                             |                             
|                             7                             |                             0                             |                             
-----------------------------------------------------------------------------------------------------------
Distribution of the number of memory write operands in an instruction
|                             Num Memory Write Ops          |                             Num Ins                       |                             
-----------------------------------------------------------------------------------------------------------
|                             0                             |                             639527355                     |                             
|                             1                             |                             360404241                     |                             
|                             2                             |                             0                             |                             
|                             3                             |                             0                             |                             
|                             4                             |                             0                             |                             
|                             5                             |                             0                             |                             
|                             6                             |                             0                             |                             
|                             7                             |                             0                             |                             
-----------------------------------------------------------------------------------------------------------
Memory Bytes Touched          
Maximum:                      8                             
Average:                      3.95964                       
-----------------------------------------------------------------------------------------------------------
Immediate Field value         
Maximum:                      1073741823                    
Minimum:                      -2147483587                   
-----------------------------------------------------------------------------------------------------------
Displacement Field Value      
Maximum:                      138634432                     
Minimum:                      -1744                         
-----------------------------------------------------------------------------------------------------------


Total Execution Time:         1605                          
