Total Ins Count:              108000000000                  
Analysed Ins Count:           1000000000                    


Category                      InsCount                      Percentage                    
Loads                         136997546                     9.14974                       
Stores                        360354121                     24.0672                       
Nop                           187984                        0.012555                      
DirectCall                    4532297                       0.302701                      
IndirectCall                  502341                        0.0335502                     
Returns                       5034636                       0.336251                      
UnconditionalBranch           4775139                       0.31892                       
ConditionalBranch             133287537                     8.90196                       
LogicalOps                    132006246                     8.81638                       
RotateAndShift                2362577                       0.157791                      
FlagOps                       185047                        0.0123589                     
VectorIns                     0                             0                             
ConditionalMoves              0                             0                             
MmxSSEIns                     0                             0                             
Syscalls                      0                             0                             
FpIns                         5                             3.33938e-07                   
Others                        717057785                     47.8906                       

Total Ins                     1497283261                    

CPI:                          24                            
-----------------------------------------------------------------------------------------------------------
Instruction Footprint:        2966                          
Data Footprint:               1139074                       
-----------------------------------------------------------------------------------------------------------
-----------------------------------------------------------------------------------------------------------
Distribution of instruction length
|                             Instruction Length            |                             Num Ins                       |                             
-----------------------------------------------------------------------------------------------------------
|                             0                             |                             0                             |                             
|                             1                             |                             129961446                     |                             
|                             2                             |                             592941575                     |                             
|                             3                             |                             123966573                     |                             
|                             4                             |                             116348477                     |                             
|                             5                             |                             10820573                      |                             
|                             6                             |                             15215381                      |                             
|                             7                             |                             10687986                      |                             
|                             8                             |                             57989                         |                             
|                             9                             |                             0                             |                             
|                             10                            |                             0                             |                             
|                             11                            |                             0                             |                             
|                             12                            |                             0                             |                             
|                             13                            |                             0                             |                             
|                             14                            |                             0                             |                             
|                             15                            |                             0                             |                             
-----------------------------------------------------------------------------------------------------------
Distribution of the number of operands in an instruction
|                             Num Operands                  |                             Num Ins                       |                             
-----------------------------------------------------------------------------------------------------------
|                             0                             |                             187984                        |                             
|                             1                             |                             4602713                       |                             
|                             2                             |                             348658902                     |                             
|                             3                             |                             403937854                     |                             
|                             4                             |                             33631300                      |                             
|                             5                             |                             204725964                     |                             
|                             6                             |                             4255283                       |                             
|                             7                             |                             0                             |                             
-----------------------------------------------------------------------------------------------------------
Distribution of the number of register read operands in an instruction
|                             Num REG Read Ops              |                             Num Ins                       |                             
-----------------------------------------------------------------------------------------------------------
|                             0                             |                             2133469                       |                             
|                             1                             |                             168615458                     |                             
|                             2                             |                             471813387                     |                             
|                             3                             |                             62007426                      |                             
|                             4                             |                             90982708                      |                             
|                             5                             |                             200192269                     |                             
|                             6                             |                             4255283                       |                             
|                             7                             |                             0                             |                             
-----------------------------------------------------------------------------------------------------------
Distribution of the number of register write operands in an instruction
|                             Num REG Write Ops             |                             Num Ins                       |                             
-----------------------------------------------------------------------------------------------------------
|                             0                             |                             125978950                     |                             
|                             1                             |                             416946356                     |                             
|                             2                             |                             452675941                     |                             
|                             3                             |                             4398753                       |                             
|                             4                             |                             0                             |                             
|                             5                             |                             0                             |                             
|                             6                             |                             0                             |                             
|                             7                             |                             0                             |                             
-----------------------------------------------------------------------------------------------------------
Distribution of the number of memory operands in an instruction
|                             Num Memory Ops                |                             Num Ins                       |                             
-----------------------------------------------------------------------------------------------------------
|                             0                             |                             518962166                     |                             
|                             1                             |                             464587192                     |                             
|                             2                             |                             16382236                      |                             
|                             3                             |                             0                             |                             
|                             4                             |                             0                             |                             
|                             5                             |                             0                             |                             
|                             6                             |                             0                             |                             
|                             7                             |                             0                             |                             
-----------------------------------------------------------------------------------------------------------
Distribution of the number of memory read operands in an instruction
|                             Num Memory Read Ops           |                             Num Ins                       |                             
-----------------------------------------------------------------------------------------------------------
|                             0                             |                             862934051                     |                             
|                             1                             |                             136997543                     |                             
|                             2                             |                             0                             |                             
|                             3                             |                             0                             |                             
|                             4                             |                             0                             |                             
|                             5                             |                             0                             |                             
|                             6                             |                             0                             |                             
|                             7                             |                             0                             |                             
-----------------------------------------------------------------------------------------------------------
Distribution of the number of memory write operands in an instruction
|                             Num Memory Write Ops          |                             Num Ins                       |                             
-----------------------------------------------------------------------------------------------------------
|                             0                             |                             639577473                     |                             
|                             1                             |                             360354121                     |                             
|                             2                             |                             0                             |                             
|                             3                             |                             0                             |                             
|                             4                             |                             0                             |                             
|                             5                             |                             0                             |                             
|                             6                             |                             0                             |                             
|                             7                             |                             0                             |                             
-----------------------------------------------------------------------------------------------------------
Memory Bytes Touched          
Maximum:                      8                             
Average:                      4.05527                       
-----------------------------------------------------------------------------------------------------------
Immediate Field value         
Maximum:                      1073741823                    
Minimum:                      -2147483587                   
-----------------------------------------------------------------------------------------------------------
Displacement Field Value      
Maximum:                      138634432                     
Minimum:                      -1744                         
-----------------------------------------------------------------------------------------------------------


Total Execution Time:         3060                          
