Total Ins Count:              2347000000068                 
Analysed Ins Count:           1000000068                    


Category                      InsCount                      Percentage                    
Loads                         736426450                     38.0104                       
Stores                        201007606                     10.3749                       
Nop                           83321                         0.00430058                    
DirectCall                    913                           4.71242e-05                   
IndirectCall                  17                            8.77449e-07                   
Returns                       930                           4.80016e-05                   
UnconditionalBranch           169181                        0.00873222                    
ConditionalBranch             41549317                      2.14455                       
LogicalOps                    435798                        0.0224936                     
RotateAndShift                5168392                       0.266765                      
FlagOps                       32                            1.65167e-06                   
VectorIns                     0                             0                             
ConditionalMoves              0                             0                             
MmxSSEIns                     0                             0                             
Syscalls                      0                             0                             
FpIns                         394808215                     20.3779                       
Others                        557783950                     28.7898                       

Total Ins                     1937434122                    

CPI:                          35                            
-----------------------------------------------------------------------------------------------------------
Instruction Footprint:        2640                          
Data Footprint:               2483518                       
-----------------------------------------------------------------------------------------------------------
-----------------------------------------------------------------------------------------------------------
Distribution of instruction length
|                             Instruction Length            |                             Num Ins                       |                             
-----------------------------------------------------------------------------------------------------------
|                             0                             |                             0                             |                             
|                             1                             |                             34716289                      |                             
|                             2                             |                             503707406                     |                             
|                             3                             |                             58912863                      |                             
|                             4                             |                             82555                         |                             
|                             5                             |                             412264                        |                             
|                             6                             |                             400346895                     |                             
|                             7                             |                             1821778                       |                             
|                             8                             |                             0                             |                             
|                             9                             |                             0                             |                             
|                             10                            |                             18                            |                             
|                             11                            |                             0                             |                             
|                             12                            |                             0                             |                             
|                             13                            |                             0                             |                             
|                             14                            |                             0                             |                             
|                             15                            |                             0                             |                             
-----------------------------------------------------------------------------------------------------------
Distribution of the number of operands in an instruction
|                             Num Operands                  |                             Num Ins                       |                             
-----------------------------------------------------------------------------------------------------------
|                             0                             |                             83321                         |                             
|                             1                             |                             33                            |                             
|                             2                             |                             317860787                     |                             
|                             3                             |                             492868126                     |                             
|                             4                             |                             189186765                     |                             
|                             5                             |                             992                           |                             
|                             6                             |                             44                            |                             
|                             7                             |                             0                             |                             
-----------------------------------------------------------------------------------------------------------
Distribution of the number of register read operands in an instruction
|                             Num REG Read Ops              |                             Num Ins                       |                             
-----------------------------------------------------------------------------------------------------------
|                             0                             |                             357048                        |                             
|                             1                             |                             58705777                      |                             
|                             2                             |                             653894949                     |                             
|                             3                             |                             270600318                     |                             
|                             4                             |                             16441860                      |                             
|                             5                             |                             72                            |                             
|                             6                             |                             44                            |                             
|                             7                             |                             0                             |                             
-----------------------------------------------------------------------------------------------------------
Distribution of the number of register write operands in an instruction
|                             Num REG Write Ops             |                             Num Ins                       |                             
-----------------------------------------------------------------------------------------------------------
|                             0                             |                             68909601                      |                             
|                             1                             |                             735960122                     |                             
|                             2                             |                             195130187                     |                             
|                             3                             |                             158                           |                             
|                             4                             |                             0                             |                             
|                             5                             |                             0                             |                             
|                             6                             |                             0                             |                             
|                             7                             |                             0                             |                             
-----------------------------------------------------------------------------------------------------------
Distribution of the number of memory operands in an instruction
|                             Num Memory Ops                |                             Num Ins                       |                             
-----------------------------------------------------------------------------------------------------------
|                             0                             |                             378021668                     |                             
|                             1                             |                             548828714                     |                             
|                             2                             |                             73149684                      |                             
|                             3                             |                             0                             |                             
|                             4                             |                             0                             |                             
|                             5                             |                             0                             |                             
|                             6                             |                             0                             |                             
|                             7                             |                             0                             |                             
-----------------------------------------------------------------------------------------------------------
Distribution of the number of memory read operands in an instruction
|                             Num Memory Read Ops           |                             Num Ins                       |                             
-----------------------------------------------------------------------------------------------------------
|                             0                             |                             446851228                     |                             
|                             1                             |                             553148838                     |                             
|                             2                             |                             0                             |                             
|                             3                             |                             0                             |                             
|                             4                             |                             0                             |                             
|                             5                             |                             0                             |                             
|                             6                             |                             0                             |                             
|                             7                             |                             0                             |                             
-----------------------------------------------------------------------------------------------------------
Distribution of the number of memory write operands in an instruction
|                             Num Memory Write Ops          |                             Num Ins                       |                             
-----------------------------------------------------------------------------------------------------------
|                             0                             |                             858020822                     |                             
|                             1                             |                             141979244                     |                             
|                             2                             |                             0                             |                             
|                             3                             |                             0                             |                             
|                             4                             |                             0                             |                             
|                             5                             |                             0                             |                             
|                             6                             |                             0                             |                             
|                             7                             |                             0                             |                             
-----------------------------------------------------------------------------------------------------------
Memory Bytes Touched          
Maximum:                      10                            
Average:                      5.55829                       
-----------------------------------------------------------------------------------------------------------
Immediate Field value         
Maximum:                      2147483647                    
Minimum:                      -2147483648                   
-----------------------------------------------------------------------------------------------------------
Displacement Field Value      
Maximum:                      135182404                     
Minimum:                      -1760                         
-----------------------------------------------------------------------------------------------------------


Total Execution Time:         32917                         
