Total Ins Count:              365000000048                  
Analysed Ins Count:           1000000048                    


Category                      InsCount                      Percentage                    
Loads                         546825843                     33.2034                       
Stores                        100071986                     6.07639                       
Nop                           7974                          0.000484183                   
DirectCall                    3194683                       0.193982                      
IndirectCall                  126                           7.65075e-06                   
Returns                       3194802                       0.193989                      
UnconditionalBranch           12973390                      0.787747                      
ConditionalBranch             103134883                     6.26237                       
LogicalOps                    13878288                      0.842693                      
RotateAndShift                10421475                      0.632794                      
FlagOps                       23126119                      1.40422                       
VectorIns                     0                             0                             
ConditionalMoves              0                             0                             
MmxSSEIns                     0                             0                             
Syscalls                      0                             0                             
FpIns                         308051244                     18.7049                       
Others                        522017064                     31.697                        

Total Ins                     1646897877                    

CPI:                          29                            
-----------------------------------------------------------------------------------------------------------
Instruction Footprint:        1052                          
Data Footprint:               5690297                       
-----------------------------------------------------------------------------------------------------------
-----------------------------------------------------------------------------------------------------------
Distribution of instruction length
|                             Instruction Length            |                             Num Ins                       |                             
-----------------------------------------------------------------------------------------------------------
|                             0                             |                             0                             |                             
|                             1                             |                             77371481                      |                             
|                             2                             |                             441847305                     |                             
|                             3                             |                             399365809                     |                             
|                             4                             |                             16290585                      |                             
|                             5                             |                             3265470                       |                             
|                             6                             |                             40374755                      |                             
|                             7                             |                             17547730                      |                             
|                             8                             |                             3936913                       |                             
|                             9                             |                             0                             |                             
|                             10                            |                             0                             |                             
|                             11                            |                             0                             |                             
|                             12                            |                             0                             |                             
|                             13                            |                             0                             |                             
|                             14                            |                             0                             |                             
|                             15                            |                             0                             |                             
-----------------------------------------------------------------------------------------------------------
Distribution of the number of operands in an instruction
|                             Num Operands                  |                             Num Ins                       |                             
-----------------------------------------------------------------------------------------------------------
|                             0                             |                             7974                          |                             
|                             1                             |                             16                            |                             
|                             2                             |                             413956608                     |                             
|                             3                             |                             395345427                     |                             
|                             4                             |                             187458996                     |                             
|                             5                             |                             3231027                       |                             
|                             6                             |                             0                             |                             
|                             7                             |                             0                             |                             
-----------------------------------------------------------------------------------------------------------
Distribution of the number of register read operands in an instruction
|                             Num REG Read Ops              |                             Num Ins                       |                             
-----------------------------------------------------------------------------------------------------------
|                             0                             |                             23329011                      |                             
|                             1                             |                             216167129                     |                             
|                             2                             |                             577713212                     |                             
|                             3                             |                             139318752                     |                             
|                             4                             |                             43435621                      |                             
|                             5                             |                             36323                         |                             
|                             6                             |                             0                             |                             
|                             7                             |                             0                             |                             
-----------------------------------------------------------------------------------------------------------
Distribution of the number of register write operands in an instruction
|                             Num REG Write Ops             |                             Num Ins                       |                             
-----------------------------------------------------------------------------------------------------------
|                             0                             |                             68995940                      |                             
|                             1                             |                             764813996                     |                             
|                             2                             |                             166190112                     |                             
|                             3                             |                             0                             |                             
|                             4                             |                             0                             |                             
|                             5                             |                             0                             |                             
|                             6                             |                             0                             |                             
|                             7                             |                             0                             |                             
-----------------------------------------------------------------------------------------------------------
Distribution of the number of memory operands in an instruction
|                             Num Memory Ops                |                             Num Ins                       |                             
-----------------------------------------------------------------------------------------------------------
|                             0                             |                             530764399                     |                             
|                             1                             |                             439461023                     |                             
|                             2                             |                             29774626                      |                             
|                             3                             |                             0                             |                             
|                             4                             |                             0                             |                             
|                             5                             |                             0                             |                             
|                             6                             |                             0                             |                             
|                             7                             |                             0                             |                             
-----------------------------------------------------------------------------------------------------------
Distribution of the number of memory read operands in an instruction
|                             Num Memory Read Ops           |                             Num Ins                       |                             
-----------------------------------------------------------------------------------------------------------
|                             0                             |                             583204436                     |                             
|                             1                             |                             416795612                     |                             
|                             2                             |                             0                             |                             
|                             3                             |                             0                             |                             
|                             4                             |                             0                             |                             
|                             5                             |                             0                             |                             
|                             6                             |                             0                             |                             
|                             7                             |                             0                             |                             
-----------------------------------------------------------------------------------------------------------
Distribution of the number of memory write operands in an instruction
|                             Num Memory Write Ops          |                             Num Ins                       |                             
-----------------------------------------------------------------------------------------------------------
|                             0                             |                             917785385                     |                             
|                             1                             |                             82214663                      |                             
|                             2                             |                             0                             |                             
|                             3                             |                             0                             |                             
|                             4                             |                             0                             |                             
|                             5                             |                             0                             |                             
|                             6                             |                             0                             |                             
|                             7                             |                             0                             |                             
-----------------------------------------------------------------------------------------------------------
Memory Bytes Touched          
Maximum:                      8                             
Average:                      5.26066                       
-----------------------------------------------------------------------------------------------------------
Immediate Field value         
Maximum:                      2147483647                    
Minimum:                      -1074790400                   
-----------------------------------------------------------------------------------------------------------
Displacement Field Value      
Maximum:                      135855532                     
Minimum:                      -344                          
-----------------------------------------------------------------------------------------------------------


Total Execution Time:         8319                          
