Total Ins Count:              1332000000004                 
Analysed Ins Count:           1000000004                    


Category                      InsCount                      Percentage                    
Loads                         371735118                     24.036                        
Stores                        175344601                     11.3376                       
Nop                           20444498                      1.32192                       
DirectCall                    13942128                      0.901482                      
IndirectCall                  9012471                       0.582736                      
Returns                       22950526                      1.48396                       
UnconditionalBranch           9040792                       0.584567                      
ConditionalBranch             172226762                     11.136                        
LogicalOps                    39236880                      2.53701                       
RotateAndShift                5899484                       0.381454                      
FlagOps                       1762349                       0.113951                      
VectorIns                     0                             0                             
ConditionalMoves              0                             0                             
MmxSSEIns                     0                             0                             
Syscalls                      0                             0                             
FpIns                         7691879                       0.497348                      
Others                        697290795                     45.086                        

Total Ins                     1546578283                    

CPI:                          26                            
-----------------------------------------------------------------------------------------------------------
Instruction Footprint:        2312                          
Data Footprint:               718845                        
-----------------------------------------------------------------------------------------------------------
-----------------------------------------------------------------------------------------------------------
Distribution of instruction length
|                             Instruction Length            |                             Num Ins                       |                             
-----------------------------------------------------------------------------------------------------------
|                             0                             |                             0                             |                             
|                             1                             |                             146239389                     |                             
|                             2                             |                             316175635                     |                             
|                             3                             |                             445733723                     |                             
|                             4                             |                             33247307                      |                             
|                             5                             |                             25259924                      |                             
|                             6                             |                             24826790                      |                             
|                             7                             |                             8107077                       |                             
|                             8                             |                             274982                        |                             
|                             9                             |                             64374                         |                             
|                             10                            |                             70803                         |                             
|                             11                            |                             0                             |                             
|                             12                            |                             0                             |                             
|                             13                            |                             0                             |                             
|                             14                            |                             0                             |                             
|                             15                            |                             0                             |                             
-----------------------------------------------------------------------------------------------------------
Distribution of the number of operands in an instruction
|                             Num Operands                  |                             Num Ins                       |                             
-----------------------------------------------------------------------------------------------------------
|                             0                             |                             20444498                      |                             
|                             1                             |                             786359                        |                             
|                             2                             |                             428080104                     |                             
|                             3                             |                             403806000                     |                             
|                             4                             |                             105966394                     |                             
|                             5                             |                             25013902                      |                             
|                             6                             |                             15902747                      |                             
|                             7                             |                             0                             |                             
-----------------------------------------------------------------------------------------------------------
Distribution of the number of register read operands in an instruction
|                             Num REG Read Ops              |                             Num Ins                       |                             
-----------------------------------------------------------------------------------------------------------
|                             0                             |                             28193605                      |                             
|                             1                             |                             233428541                     |                             
|                             2                             |                             461726706                     |                             
|                             3                             |                             250596941                     |                             
|                             4                             |                             1265096                       |                             
|                             5                             |                             8886368                       |                             
|                             6                             |                             15902747                      |                             
|                             7                             |                             0                             |                             
-----------------------------------------------------------------------------------------------------------
Distribution of the number of register write operands in an instruction
|                             Num REG Write Ops             |                             Num Ins                       |                             
-----------------------------------------------------------------------------------------------------------
|                             0                             |                             115349862                     |                             
|                             1                             |                             680604513                     |                             
|                             2                             |                             188141136                     |                             
|                             3                             |                             15904493                      |                             
|                             4                             |                             0                             |                             
|                             5                             |                             0                             |                             
|                             6                             |                             0                             |                             
|                             7                             |                             0                             |                             
-----------------------------------------------------------------------------------------------------------
Distribution of the number of memory operands in an instruction
|                             Num Memory Ops                |                             Num Ins                       |                             
-----------------------------------------------------------------------------------------------------------
|                             0                             |                             483709195                     |                             
|                             1                             |                             488162107                     |                             
|                             2                             |                             27627262                      |                             
|                             3                             |                             0                             |                             
|                             4                             |                             0                             |                             
|                             5                             |                             0                             |                             
|                             6                             |                             0                             |                             
|                             7                             |                             0                             |                             
-----------------------------------------------------------------------------------------------------------
Distribution of the number of memory read operands in an instruction
|                             Num Memory Read Ops           |                             Num Ins                       |                             
-----------------------------------------------------------------------------------------------------------
|                             0                             |                             630225414                     |                             
|                             1                             |                             369273150                     |                             
|                             2                             |                             0                             |                             
|                             3                             |                             0                             |                             
|                             4                             |                             0                             |                             
|                             5                             |                             0                             |                             
|                             6                             |                             0                             |                             
|                             7                             |                             0                             |                             
-----------------------------------------------------------------------------------------------------------
Distribution of the number of memory write operands in an instruction
|                             Num Memory Write Ops          |                             Num Ins                       |                             
-----------------------------------------------------------------------------------------------------------
|                             0                             |                             825355083                     |                             
|                             1                             |                             174143481                     |                             
|                             2                             |                             0                             |                             
|                             3                             |                             0                             |                             
|                             4                             |                             0                             |                             
|                             5                             |                             0                             |                             
|                             6                             |                             0                             |                             
|                             7                             |                             0                             |                             
-----------------------------------------------------------------------------------------------------------
Memory Bytes Touched          
Maximum:                      8                             
Average:                      4.15691                       
-----------------------------------------------------------------------------------------------------------
Immediate Field value         
Maximum:                      2147483647                    
Minimum:                      -1431655765                   
-----------------------------------------------------------------------------------------------------------
Displacement Field Value      
Maximum:                      139657912                     
Minimum:                      -1392                         
-----------------------------------------------------------------------------------------------------------


Total Execution Time:         14076                         
