Total Ins Count:              1332000000000                 
Analysed Ins Count:           1000000000                    


Category                      InsCount                      Percentage                    
Loads                         365648262                     23.8742                       
Stores                        166375186                     10.8631                       
Nop                           23054223                      1.50527                       
DirectCall                    12846930                      0.838812                      
IndirectCall                  8916597                       0.582189                      
Returns                       21762612                      1.42094                       
UnconditionalBranch           8369407                       0.546462                      
ConditionalBranch             181045838                     11.821                        
LogicalOps                    37038859                      2.41837                       
RotateAndShift                5459999                       0.356499                      
FlagOps                       1620146                       0.105784                      
VectorIns                     0                             0                             
ConditionalMoves              0                             0                             
MmxSSEIns                     0                             0                             
Syscalls                      0                             0                             
FpIns                         7072779                       0.461801                      
Others                        692351983                     45.2056                       

Total Ins                     1531562821                    

CPI:                          25                            
-----------------------------------------------------------------------------------------------------------
Instruction Footprint:        2305                          
Data Footprint:               819974                        
-----------------------------------------------------------------------------------------------------------
-----------------------------------------------------------------------------------------------------------
Distribution of instruction length
|                             Instruction Length            |                             Num Ins                       |                             
-----------------------------------------------------------------------------------------------------------
|                             0                             |                             0                             |                             
|                             1                             |                             145055378                     |                             
|                             2                             |                             323589933                     |                             
|                             3                             |                             445843456                     |                             
|                             4                             |                             31035398                      |                             
|                             5                             |                             23492806                      |                             
|                             6                             |                             23123903                      |                             
|                             7                             |                             7481947                       |                             
|                             8                             |                             254263                        |                             
|                             9                             |                             58750                         |                             
|                             10                            |                             64166                         |                             
|                             11                            |                             0                             |                             
|                             12                            |                             0                             |                             
|                             13                            |                             0                             |                             
|                             14                            |                             0                             |                             
|                             15                            |                             0                             |                             
-----------------------------------------------------------------------------------------------------------
Distribution of the number of operands in an instruction
|                             Num Operands                  |                             Num Ins                       |                             
-----------------------------------------------------------------------------------------------------------
|                             0                             |                             23054223                      |                             
|                             1                             |                             724023                        |                             
|                             2                             |                             419303185                     |                             
|                             3                             |                             417513111                     |                             
|                             4                             |                             99520428                      |                             
|                             5                             |                             23658912                      |                             
|                             6                             |                             16226118                      |                             
|                             7                             |                             0                             |                             
-----------------------------------------------------------------------------------------------------------
Distribution of the number of register read operands in an instruction
|                             Num REG Read Ops              |                             Num Ins                       |                             
-----------------------------------------------------------------------------------------------------------
|                             0                             |                             30375418                      |                             
|                             1                             |                             238976015                     |                             
|                             2                             |                             454189916                     |                             
|                             3                             |                             250258284                     |                             
|                             4                             |                             1172268                       |                             
|                             5                             |                             8801981                       |                             
|                             6                             |                             16226118                      |                             
|                             7                             |                             0                             |                             
-----------------------------------------------------------------------------------------------------------
Distribution of the number of register write operands in an instruction
|                             Num REG Write Ops             |                             Num Ins                       |                             
-----------------------------------------------------------------------------------------------------------
|                             0                             |                             112483333                     |                             
|                             1                             |                             687095971                     |                             
|                             2                             |                             184192857                     |                             
|                             3                             |                             16227839                      |                             
|                             4                             |                             0                             |                             
|                             5                             |                             0                             |                             
|                             6                             |                             0                             |                             
|                             7                             |                             0                             |                             
-----------------------------------------------------------------------------------------------------------
Distribution of the number of memory operands in an instruction
|                             Num Memory Ops                |                             Num Ins                       |                             
-----------------------------------------------------------------------------------------------------------
|                             0                             |                             498540954                     |                             
|                             1                             |                             473341547                     |                             
|                             2                             |                             27656872                      |                             
|                             3                             |                             0                             |                             
|                             4                             |                             0                             |                             
|                             5                             |                             0                             |                             
|                             6                             |                             0                             |                             
|                             7                             |                             0                             |                             
-----------------------------------------------------------------------------------------------------------
Distribution of the number of memory read operands in an instruction
|                             Num Memory Read Ops           |                             Num Ins                       |                             
-----------------------------------------------------------------------------------------------------------
|                             0                             |                             636154887                     |                             
|                             1                             |                             363384486                     |                             
|                             2                             |                             0                             |                             
|                             3                             |                             0                             |                             
|                             4                             |                             0                             |                             
|                             5                             |                             0                             |                             
|                             6                             |                             0                             |                             
|                             7                             |                             0                             |                             
-----------------------------------------------------------------------------------------------------------
Distribution of the number of memory write operands in an instruction
|                             Num Memory Write Ops          |                             Num Ins                       |                             
-----------------------------------------------------------------------------------------------------------
|                             0                             |                             834268568                     |                             
|                             1                             |                             165270805                     |                             
|                             2                             |                             0                             |                             
|                             3                             |                             0                             |                             
|                             4                             |                             0                             |                             
|                             5                             |                             0                             |                             
|                             6                             |                             0                             |                             
|                             7                             |                             0                             |                             
-----------------------------------------------------------------------------------------------------------
Memory Bytes Touched          
Maximum:                      8                             
Average:                      4.18884                       
-----------------------------------------------------------------------------------------------------------
Immediate Field value         
Maximum:                      2147483647                    
Minimum:                      -1431655765                   
-----------------------------------------------------------------------------------------------------------
Displacement Field Value      
Maximum:                      139657912                     
Minimum:                      -1392                         
-----------------------------------------------------------------------------------------------------------


Total Execution Time:         26905                         
