Total Ins Count:              3606000000002                 
Analysed Ins Count:           1000000002                    


Category                      InsCount                      Percentage                    
Loads                         279866859                     19.8618                       
Stores                        129203330                     9.1694                        
Nop                           0                             0                             
DirectCall                    556662                        0.0395056                     
IndirectCall                  0                             0                             
Returns                       556664                        0.0395058                     
UnconditionalBranch           834555                        0.0592274                     
ConditionalBranch             157417383                     11.1717                       
LogicalOps                    146293199                     10.3823                       
RotateAndShift                107083362                     7.59958                       
FlagOps                       0                             0                             
VectorIns                     0                             0                             
ConditionalMoves              0                             0                             
MmxSSEIns                     0                             0                             
Syscalls                      0                             0                             
FpIns                         0                             0                             
Others                        587258177                     41.677                        

Total Ins                     1409070191                    

CPI:                          22                            
-----------------------------------------------------------------------------------------------------------
Instruction Footprint:        68                            
Data Footprint:               1048593                       
-----------------------------------------------------------------------------------------------------------
-----------------------------------------------------------------------------------------------------------
Distribution of instruction length
|                             Instruction Length            |                             Num Ins                       |                             
-----------------------------------------------------------------------------------------------------------
|                             0                             |                             0                             |                             
|                             1                             |                             61187350                      |                             
|                             2                             |                             442810016                     |                             
|                             3                             |                             437559998                     |                             
|                             4                             |                             51733084                      |                             
|                             5                             |                             834756                        |                             
|                             6                             |                             1113144                       |                             
|                             7                             |                             4761654                       |                             
|                             8                             |                             0                             |                             
|                             9                             |                             0                             |                             
|                             10                            |                             0                             |                             
|                             11                            |                             0                             |                             
|                             12                            |                             0                             |                             
|                             13                            |                             0                             |                             
|                             14                            |                             0                             |                             
|                             15                            |                             0                             |                             
-----------------------------------------------------------------------------------------------------------
Distribution of the number of operands in an instruction
|                             Num Operands                  |                             Num Ins                       |                             
-----------------------------------------------------------------------------------------------------------
|                             0                             |                             0                             |                             
|                             1                             |                             0                             |                             
|                             2                             |                             467945152                     |                             
|                             3                             |                             476703754                     |                             
|                             4                             |                             54794434                      |                             
|                             5                             |                             556662                        |                             
|                             6                             |                             0                             |                             
|                             7                             |                             0                             |                             
-----------------------------------------------------------------------------------------------------------
Distribution of the number of register read operands in an instruction
|                             Num REG Read Ops              |                             Num Ins                       |                             
-----------------------------------------------------------------------------------------------------------
|                             0                             |                             0                             |                             
|                             1                             |                             314502871                     |                             
|                             2                             |                             461095402                     |                             
|                             3                             |                             223845197                     |                             
|                             4                             |                             556532                        |                             
|                             5                             |                             0                             |                             
|                             6                             |                             0                             |                             
|                             7                             |                             0                             |                             
-----------------------------------------------------------------------------------------------------------
Distribution of the number of register write operands in an instruction
|                             Num REG Write Ops             |                             Num Ins                       |                             
-----------------------------------------------------------------------------------------------------------
|                             0                             |                             101552908                     |                             
|                             1                             |                             655482280                     |                             
|                             2                             |                             242408536                     |                             
|                             3                             |                             556278                        |                             
|                             4                             |                             0                             |                             
|                             5                             |                             0                             |                             
|                             6                             |                             0                             |                             
|                             7                             |                             0                             |                             
-----------------------------------------------------------------------------------------------------------
Distribution of the number of memory operands in an instruction
|                             Num Memory Ops                |                             Num Ins                       |                             
-----------------------------------------------------------------------------------------------------------
|                             0                             |                             616075356                     |                             
|                             1                             |                             358779103                     |                             
|                             2                             |                             25145543                      |                             
|                             3                             |                             0                             |                             
|                             4                             |                             0                             |                             
|                             5                             |                             0                             |                             
|                             6                             |                             0                             |                             
|                             7                             |                             0                             |                             
-----------------------------------------------------------------------------------------------------------
Distribution of the number of memory read operands in an instruction
|                             Num Memory Read Ops           |                             Num Ins                       |                             
-----------------------------------------------------------------------------------------------------------
|                             0                             |                             720133143                     |                             
|                             1                             |                             279866859                     |                             
|                             2                             |                             0                             |                             
|                             3                             |                             0                             |                             
|                             4                             |                             0                             |                             
|                             5                             |                             0                             |                             
|                             6                             |                             0                             |                             
|                             7                             |                             0                             |                             
-----------------------------------------------------------------------------------------------------------
Distribution of the number of memory write operands in an instruction
|                             Num Memory Write Ops          |                             Num Ins                       |                             
-----------------------------------------------------------------------------------------------------------
|                             0                             |                             870796672                     |                             
|                             1                             |                             129203330                     |                             
|                             2                             |                             0                             |                             
|                             3                             |                             0                             |                             
|                             4                             |                             0                             |                             
|                             5                             |                             0                             |                             
|                             6                             |                             0                             |                             
|                             7                             |                             0                             |                             
-----------------------------------------------------------------------------------------------------------
Memory Bytes Touched          
Maximum:                      4                             
Average:                      3.60445                       
-----------------------------------------------------------------------------------------------------------
Immediate Field value         
Maximum:                      124                           
Minimum:                      -1                            
-----------------------------------------------------------------------------------------------------------
Displacement Field Value      
Maximum:                      134982404                     
Minimum:                      -64                           
-----------------------------------------------------------------------------------------------------------


Total Execution Time:         28468                         
