2308 1:<FETCH> 
2308 1:<FETCH> ************************************************************
2308 1:<FETCH> 
2308 1:<FETCH> Number of instructions: 2293
2308 1:<FETCH> Number of simulated cycles: 2308
2308 1:<FETCH> CPI: 1.01
2308 1:<FETCH> Load-interlock: 0
2308 1:<FETCH> Load-delay interlock stalls: 0.000000
2308 1:<FETCH> Int Conditional Branches: 466
2308 1:<FETCH> Jump and Link: 29
2308 1:<FETCH> Jump Register: 27
2308 1:<FETCH> Number of fp instructions: 2
2308 1:<FETCH> Number of loads: 329
2308 1:<FETCH> Number of syscall emulated loads: 70
2308 1:<FETCH> Number of stores: 133
2308 1:<FETCH> Number of syscall emulated stores: 57
2308 1:<FETCH> -----------------------------Stats---------------------

2308 1:<FETCH> Total Ins    2293
2308 1:<FETCH> Percentage Loads    0.174008
2308 1:<FETCH> Percentage Stores    0.082861
2308 1:<FETCH> Percentage CB    0.203227
2308 1:<FETCH> 
