7468 1:<FETCH> 
7468 1:<FETCH> ************************************************************
7468 1:<FETCH> 
7468 1:<FETCH> Number of instructions: 7453
7468 1:<FETCH> Number of simulated cycles: 7468
7468 1:<FETCH> CPI: 1.00
7468 1:<FETCH> Load-interlock: 0
7468 1:<FETCH> Load-delay interlock stalls: 0.000000
7468 1:<FETCH> Int Conditional Branches: 1327
7468 1:<FETCH> Jump and Link: 105
7468 1:<FETCH> Jump Register: 114
7468 1:<FETCH> Number of fp instructions: 28
7468 1:<FETCH> Number of loads: 1205
7468 1:<FETCH> Number of syscall emulated loads: 83
7468 1:<FETCH> Number of stores: 714
7468 1:<FETCH> Number of syscall emulated stores: 45
7468 1:<FETCH> -----------------------------Stats---------------------

7468 1:<FETCH> Total Ins    7453
7468 1:<FETCH> Percentage Loads    0.172816
7468 1:<FETCH> Percentage Stores    0.101838
7468 1:<FETCH> Percentage CB    0.178049
7468 1:<FETCH> 
