7144 1:<FETCH> 
7144 1:<FETCH> ************************************************************
7144 1:<FETCH> 
7144 1:<FETCH> Number of instructions: 7129
7144 1:<FETCH> Number of simulated cycles: 7144
7144 1:<FETCH> CPI: 1.00
7144 1:<FETCH> Load-interlock: 0
7144 1:<FETCH> Load-delay interlock stalls: 0.000000
7144 1:<FETCH> Int Conditional Branches: 768
7144 1:<FETCH> Jump and Link: 27
7144 1:<FETCH> Jump Register: 25
7144 1:<FETCH> Number of fp instructions: 2
7144 1:<FETCH> Number of loads: 361
7144 1:<FETCH> Number of syscall emulated loads: 85
7144 1:<FETCH> Number of stores: 1142
7144 1:<FETCH> Number of syscall emulated stores: 45
7144 1:<FETCH> -----------------------------Stats---------------------

7144 1:<FETCH> Total Ins    7129
7144 1:<FETCH> Percentage Loads    0.062561
7144 1:<FETCH> Percentage Stores    0.166503
7144 1:<FETCH> Percentage CB    0.107729
7144 1:<FETCH> 
